<?xml version="1.0" encoding="UTF-8"?>
<!-- Generated by org.testng.reporters.JUnitReportReporter -->
<testsuite name="zonaserAutomatizacion.ZonaSerAutomatizacion" tests="2" time="0.923" ignored="0" failures="0" timestamp="17 abr 2019 13:58:37 GMT" skipped="0" hostname="bog06tedeml02.local" errors="0">
  <testcase name="consultaVacia" time="0.847" classname="zonaserAutomatizacion.ZonaSerAutomatizacion"/>
  <testcase name="nombreIps" time="0.076" classname="zonaserAutomatizacion.ZonaSerAutomatizacion"/>
</testsuite> <!-- zonaserAutomatizacion.ZonaSerAutomatizacion -->
