<?xml version="1.0" encoding="UTF-8"?>
<!-- Generated by org.testng.reporters.JUnitReportReporter -->
<testsuite name="zonaserAutomatizacion.zonaSerAutomatizacion" tests="2" time="0.991" ignored="0" failures="0" timestamp="17 abr 2019 02:59:31 GMT" skipped="0" hostname="bog06tedeml02.local" errors="0">
  <testcase name="consultaVacia" time="0.913" classname="zonaserAutomatizacion.zonaSerAutomatizacion"/>
  <testcase name="nombreIps" time="0.078" classname="zonaserAutomatizacion.zonaSerAutomatizacion"/>
</testsuite> <!-- zonaserAutomatizacion.zonaSerAutomatizacion -->
