<?xml version="1.0" encoding="UTF-8"?>
<!-- Generated by org.testng.reporters.JUnitReportReporter -->
<testsuite name="zonaserAutomatizacion.connections" tests="1" time="0.009" ignored="0" failures="0" timestamp="16 abr 2019 14:50:28 GMT" skipped="0" hostname="bog06tedeml02.local" errors="0">
  <testcase name="test" time="0.009" classname="zonaserAutomatizacion.connections"/>
</testsuite> <!-- zonaserAutomatizacion.connections -->
